<?xml version="1.0" encoding="UTF-8"?>
<!-- Generated by org.testng.reporters.JUnitXMLReporter -->
<testsuite hostname="apples-MacBook-Pro.local" ignored="0" name="Test1" tests="7" failures="1" timestamp="24 Nov 2021 11:11:42 GMT" time="35.222" errors="0">
  <testcase name="loginTest_validEmail_validPassword_TC_001" time="26.146" classname="com.zaarolbasic.testCases.TC_LoginTest_001"/>
  <testcase name="loginTest_invalidEmail_validPassword_TC_002" time="1.241" classname="com.zaarolbasic.testCases.TC_LoginTest_001"/>
  <testcase name="loginTest_invalidEmail_invalidPassword_TC_003" time="0.837" classname="com.zaarolbasic.testCases.TC_LoginTest_001">
    <failure type="java.lang.IllegalArgumentException" message="Keys to send should be a not null CharSequence">
      <![CDATA[java.lang.IllegalArgumentException: Keys to send should be a not null CharSequence
at org.openqa.selenium.remote.RemoteWebElement.sendKeys(RemoteWebElement.java:97)
at com.zaarolbasic.pageObjects.LoginPage.setPassword(LoginPage.java:140)
at com.zaarolbasic.testCases.TC_LoginTest_001.loginTest_invalidEmail_invalidPassword_TC_003(TC_LoginTest_001.java:80)
... Removed 25 stack frames]]>
    </failure>
  </testcase> <!-- loginTest_invalidEmail_invalidPassword_TC_003 -->
  <testcase name="loginTest_validEmail_EmptyPassword_TC_004" time="0.963" classname="com.zaarolbasic.testCases.TC_LoginTest_001"/>
  <testcase name="loginTest_invalidEmail_EmptyPassword_TC_005" time="0.929" classname="com.zaarolbasic.testCases.TC_LoginTest_001"/>
  <testcase name="loginTest_EmptyUsername_InvalidPassword_TC_006" time="0.8" classname="com.zaarolbasic.testCases.TC_LoginTest_001"/>
  <testcase name="loginTest_EmptyUsername_EmptyPassword_TC_007" time="0.855" classname="com.zaarolbasic.testCases.TC_LoginTest_001"/>
</testsuite> <!-- Test1 -->
